Determining if the pthread_create exist failed with the following output:
Change Dir: /home/jarnbjorn/catkin_ws/src/ocams_1cgn/CMakeFiles/CMakeTmp

Run Build Command:"/usr/bin/make" "cmTC_95d1e/fast"
/usr/bin/make -f CMakeFiles/cmTC_95d1e.dir/build.make CMakeFiles/cmTC_95d1e.dir/build
make[1]: Entering directory '/home/jarnbjorn/catkin_ws/src/ocams_1cgn/CMakeFiles/CMakeTmp'
Building C object CMakeFiles/cmTC_95d1e.dir/CheckSymbolExists.c.o
/usr/bin/cc    -o CMakeFiles/cmTC_95d1e.dir/CheckSymbolExists.c.o   -c /home/jarnbjorn/catkin_ws/src/ocams_1cgn/CMakeFiles/CMakeTmp/CheckSymbolExists.c
Linking C executable cmTC_95d1e
/usr/bin/cmake -E cmake_link_script CMakeFiles/cmTC_95d1e.dir/link.txt --verbose=1
/usr/bin/cc      -rdynamic CMakeFiles/cmTC_95d1e.dir/CheckSymbolExists.c.o  -o cmTC_95d1e 
CMakeFiles/cmTC_95d1e.dir/CheckSymbolExists.c.o: In function `main':
CheckSymbolExists.c:(.text+0x1b): undefined reference to `pthread_create'
collect2: error: ld returned 1 exit status
CMakeFiles/cmTC_95d1e.dir/build.make:97: recipe for target 'cmTC_95d1e' failed
make[1]: *** [cmTC_95d1e] Error 1
make[1]: Leaving directory '/home/jarnbjorn/catkin_ws/src/ocams_1cgn/CMakeFiles/CMakeTmp'
Makefile:126: recipe for target 'cmTC_95d1e/fast' failed
make: *** [cmTC_95d1e/fast] Error 2

File /home/jarnbjorn/catkin_ws/src/ocams_1cgn/CMakeFiles/CMakeTmp/CheckSymbolExists.c:
/* */
#include <pthread.h>

int main(int argc, char** argv)
{
  (void)argv;
#ifndef pthread_create
  return ((int*)(&pthread_create))[argc];
#else
  (void)argc;
  return 0;
#endif
}

Determining if the function pthread_create exists in the pthreads failed with the following output:
Change Dir: /home/jarnbjorn/catkin_ws/src/ocams_1cgn/CMakeFiles/CMakeTmp

Run Build Command:"/usr/bin/make" "cmTC_b6d6e/fast"
/usr/bin/make -f CMakeFiles/cmTC_b6d6e.dir/build.make CMakeFiles/cmTC_b6d6e.dir/build
make[1]: Entering directory '/home/jarnbjorn/catkin_ws/src/ocams_1cgn/CMakeFiles/CMakeTmp'
Building C object CMakeFiles/cmTC_b6d6e.dir/CheckFunctionExists.c.o
/usr/bin/cc   -DCHECK_FUNCTION_EXISTS=pthread_create   -o CMakeFiles/cmTC_b6d6e.dir/CheckFunctionExists.c.o   -c /usr/share/cmake-3.10/Modules/CheckFunctionExists.c
Linking C executable cmTC_b6d6e
/usr/bin/cmake -E cmake_link_script CMakeFiles/cmTC_b6d6e.dir/link.txt --verbose=1
/usr/bin/cc  -DCHECK_FUNCTION_EXISTS=pthread_create    -rdynamic CMakeFiles/cmTC_b6d6e.dir/CheckFunctionExists.c.o  -o cmTC_b6d6e -lpthreads 
/usr/bin/ld: cannot find -lpthreads
collect2: error: ld returned 1 exit status
CMakeFiles/cmTC_b6d6e.dir/build.make:97: recipe for target 'cmTC_b6d6e' failed
make[1]: *** [cmTC_b6d6e] Error 1
make[1]: Leaving directory '/home/jarnbjorn/catkin_ws/src/ocams_1cgn/CMakeFiles/CMakeTmp'
Makefile:126: recipe for target 'cmTC_b6d6e/fast' failed
make: *** [cmTC_b6d6e/fast] Error 2


